<?xml version="1.0" encoding="UTF-8"?>
<testng-results skipped="0" failed="0" total="1" passed="1">
  <reporter-output>
  </reporter-output>
  <suite name="Default suite" duration-ms="2422" started-at="2016-08-18T13:38:19Z" finished-at="2016-08-18T13:38:22Z">
    <groups>
    </groups>
    <test name="Default test" duration-ms="2422" started-at="2016-08-18T13:38:19Z" finished-at="2016-08-18T13:38:22Z">
      <class name="skillcalculator.service.character.test.CharacterServiceTest">
        <test-method status="PASS" signature="springTestContextBeforeTestClass()[pri:0, instance:skillcalculator.service.character.test.CharacterServiceTest@369f73a2]" name="springTestContextBeforeTestClass" is-config="true" duration-ms="6" started-at="2016-08-18T15:38:19Z" finished-at="2016-08-18T15:38:19Z">
          <reporter-output>
          </reporter-output>
        </test-method> <!-- springTestContextBeforeTestClass -->
        <test-method status="PASS" signature="springTestContextPrepareTestInstance()[pri:0, instance:skillcalculator.service.character.test.CharacterServiceTest@369f73a2]" name="springTestContextPrepareTestInstance" is-config="true" duration-ms="2161" started-at="2016-08-18T15:38:19Z" depends-on-methods="org.springframework.test.context.testng.AbstractTestNGSpringContextTests.springTestContextBeforeTestClass" finished-at="2016-08-18T15:38:21Z">
          <reporter-output>
          </reporter-output>
        </test-method> <!-- springTestContextPrepareTestInstance -->
        <test-method status="PASS" signature="springTestContextBeforeTestMethod(java.lang.reflect.Method)[pri:0, instance:skillcalculator.service.character.test.CharacterServiceTest@369f73a2]" name="springTestContextBeforeTestMethod" is-config="true" duration-ms="1" started-at="2016-08-18T15:38:21Z" finished-at="2016-08-18T15:38:21Z">
          <params>
            <param index="0">
              <value>
                <![CDATA[public void skillcalculator.service.character.test.CharacterServiceTest.characterCreationTest()]]>
              </value>
            </param>
          </params>
          <reporter-output>
          </reporter-output>
        </test-method> <!-- springTestContextBeforeTestMethod -->
        <test-method status="PASS" signature="characterCreationTest()[pri:0, instance:skillcalculator.service.character.test.CharacterServiceTest@369f73a2]" name="characterCreationTest" duration-ms="240" started-at="2016-08-18T15:38:21Z" finished-at="2016-08-18T15:38:22Z">
          <reporter-output>
          </reporter-output>
        </test-method> <!-- characterCreationTest -->
        <test-method status="PASS" signature="springTestContextAfterTestClass()[pri:0, instance:skillcalculator.service.character.test.CharacterServiceTest@369f73a2]" name="springTestContextAfterTestClass" is-config="true" duration-ms="0" started-at="2016-08-18T15:38:22Z" finished-at="2016-08-18T15:38:22Z">
          <reporter-output>
          </reporter-output>
        </test-method> <!-- springTestContextAfterTestClass -->
        <test-method status="PASS" signature="springTestContextAfterTestMethod(java.lang.reflect.Method)[pri:0, instance:skillcalculator.service.character.test.CharacterServiceTest@369f73a2]" name="springTestContextAfterTestMethod" is-config="true" duration-ms="0" started-at="2016-08-18T15:38:22Z" finished-at="2016-08-18T15:38:22Z">
          <params>
            <param index="0">
              <value>
                <![CDATA[public void skillcalculator.service.character.test.CharacterServiceTest.characterCreationTest()]]>
              </value>
            </param>
          </params>
          <reporter-output>
          </reporter-output>
        </test-method> <!-- springTestContextAfterTestMethod -->
      </class> <!-- skillcalculator.service.character.test.CharacterServiceTest -->
    </test> <!-- Default test -->
  </suite> <!-- Default suite -->
</testng-results>
